[debug] [2019-11-30T08:32:01.820Z] ----------------------------------------------------------------------
[debug] [2019-11-30T08:32:01.825Z] Command:       C:\Program Files\nodejs\node.exe C:\Users\Dell\AppData\Roaming\npm\node_modules\firebase-tools\lib\bin\firebase.js deploy --only functions
[debug] [2019-11-30T08:32:01.825Z] CLI Version:   7.8.1
[debug] [2019-11-30T08:32:01.825Z] Platform:      win32
[debug] [2019-11-30T08:32:01.825Z] Node Version:  v12.3.0
[debug] [2019-11-30T08:32:01.827Z] Time:          Sat Nov 30 2019 15:32:01 GMT+0700 (Indochina Time)
[debug] [2019-11-30T08:32:01.827Z] ----------------------------------------------------------------------
[debug] [2019-11-30T08:32:01.827Z] 
[debug] [2019-11-30T08:32:01.846Z] > command requires scopes: ["email","openid","https://www.googleapis.com/auth/cloudplatformprojects.readonly","https://www.googleapis.com/auth/firebase","https://www.googleapis.com/auth/cloud-platform"]
[debug] [2019-11-30T08:32:01.848Z] > authorizing via signed-in user
[debug] [2019-11-30T08:32:01.848Z] [iam] checking project avalon-webgame for permissions ["cloudfunctions.functions.create","cloudfunctions.functions.delete","cloudfunctions.functions.get","cloudfunctions.functions.list","cloudfunctions.functions.update","cloudfunctions.operations.get","firebase.projects.get"]
[debug] [2019-11-30T08:32:01.851Z] >>> HTTP REQUEST POST https://cloudresourcemanager.googleapis.com/v1/projects/avalon-webgame:testIamPermissions  

[debug] [2019-11-30T08:32:03.212Z] <<< HTTP RESPONSE 200
[debug] [2019-11-30T10:29:10.563Z] ----------------------------------------------------------------------
[debug] [2019-11-30T10:29:10.566Z] Command:       C:\Program Files\nodejs\node.exe C:\Users\admin\AppData\Roaming\npm\node_modules\firebase-tools\lib\bin\firebase.js deploy --only hosting
[debug] [2019-11-30T10:29:10.567Z] CLI Version:   7.8.1
[debug] [2019-11-30T10:29:10.567Z] Platform:      win32
[debug] [2019-11-30T10:29:10.567Z] Node Version:  v10.15.1
[debug] [2019-11-30T10:29:10.568Z] Time:          Sat Nov 30 2019 17:29:10 GMT+0700 (Indochina Time)
[debug] [2019-11-30T10:29:10.568Z] ----------------------------------------------------------------------
[debug] [2019-11-30T10:29:10.568Z] 
[debug] [2019-11-30T10:29:10.587Z] > command requires scopes: ["email","openid","https://www.googleapis.com/auth/cloudplatformprojects.readonly","https://www.googleapis.com/auth/firebase","https://www.googleapis.com/auth/cloud-platform"]
[debug] [2019-11-30T10:29:10.589Z] > authorizing via signed-in user
[debug] [2019-11-30T10:29:10.589Z] [iam] checking project avalon-webgame for permissions ["firebase.projects.get","firebasehosting.sites.update"]
[debug] [2019-11-30T10:29:10.593Z] > refreshing access token with scopes: ["email","https://www.googleapis.com/auth/cloud-platform","https://www.googleapis.com/auth/cloudplatformprojects.readonly","https://www.googleapis.com/auth/firebase","openid"]
[debug] [2019-11-30T10:29:10.594Z] >>> HTTP REQUEST POST https://www.googleapis.com/oauth2/v3/token  
 <request body omitted>
[debug] [2019-11-30T10:29:10.878Z] <<< HTTP RESPONSE 200
[debug] [2019-11-30T10:29:10.986Z] >>> HTTP REQUEST POST https://cloudresourcemanager.googleapis.com/v1/projects/avalon-webgame:testIamPermissions  

[debug] [2019-11-30T10:29:12.352Z] <<< HTTP RESPONSE 200
[debug] [2019-11-30T10:29:12.354Z] >>> HTTP REQUEST GET https://firebase.googleapis.com/v1beta1/projects/avalon-webgame  
 
[debug] [2019-11-30T10:29:12.732Z] <<< HTTP RESPONSE 200
[info] 
[info] === Deploying to 'avalon-webgame'...
[info] 
[info] i  deploying hosting
[debug] [2019-11-30T10:29:17.664Z] >>> HTTP REQUEST POST https://firebasehosting.googleapis.com/v1beta1/sites/avalon-webgame/versions  

